<?xml version="1.0" encoding="UTF-8" ?>
<testsuites disabled="0" errors="0" failures="1" tests="2" time="42.359">
 <testsuite name=" demo calculator tests" timestamp="2020-01-06T17:56:49" hostname="localhost" time="42.359" errors="0" tests="2" skipped="0" disabled="0" failures="1">
  <testcase classname=" demo calculator tests" name="addtion test" time="29.729" />
  <testcase classname=" demo calculator tests" name="Sustraction test" time="12.623">
   <failure type="toEqual" message="Expected &apos;5:57:21 PM&apos; to equal &apos;5&apos;."><![CDATA[Error: Failed expectation
    at homepage.verifyResult (C:\Study\ProtractorDemo\pages\homepage.js:26:34)
    at UserContext.<anonymous> (C:\Study\ProtractorDemo\tests\calculator.js:28:18)
    at C:\Users\Mihir\AppData\Roaming\npm\node_modules\protractor\node_modules\jasminewd2\index.js:112:25
    at new ManagedPromise (C:\Users\Mihir\AppData\Roaming\npm\node_modules\protractor\node_modules\selenium-webdriver\lib\promise.js:1077:7)
    at ControlFlow.promise (C:\Users\Mihir\AppData\Roaming\npm\node_modules\protractor\node_modules\selenium-webdriver\lib\promise.js:2505:12)
    at schedulerExecute (C:\Users\Mihir\AppData\Roaming\npm\node_modules\protractor\node_modules\jasminewd2\index.js:95:18)
    at TaskQueue.execute_ (C:\Users\Mihir\AppData\Roaming\npm\node_modules\protractor\node_modules\selenium-webdriver\lib\promise.js:3084:14)
    at TaskQueue.executeNext_ (C:\Users\Mihir\AppData\Roaming\npm\node_modules\protractor\node_modules\selenium-webdriver\lib\promise.js:3067:27)
    at C:\Users\Mihir\AppData\Roaming\npm\node_modules\protractor\node_modules\selenium-webdriver\lib\promise.js:2927:27]]>
   </failure>
  </testcase>
 </testsuite>
</testsuites>